<?xml version="1.0" encoding="UTF-8"?>
<testsuite xmlns:xsi="http://www.w3.org/2001/XMLSchema-instance" xsi:noNamespaceSchemaLocation="https://maven.apache.org/surefire/maven-surefire-plugin/xsd/surefire-test-report.xsd" name="com.mycompany.app.AppTest" time="0.147" tests="1" errors="0" skipped="0" failures="0">
  <properties>
    <property name="sun.desktop" value="windows"/>
    <property name="awt.toolkit" value="sun.awt.windows.WToolkit"/>
    <property name="file.encoding.pkg" value="sun.io"/>
    <property name="java.specification.version" value="1.8"/>
    <property name="sun.cpu.isalist" value=""/>
    <property name="sun.jnu.encoding" value="Cp1252"/>
    <property name="java.class.path" value="C:\cygwin\tmp\maven_project\my-app\target\test-classes;C:\cygwin\tmp\maven_project\my-app\target\classes;C:\Users\Raju\.m2\repository\junit\junit\4.11\junit-4.11.jar;C:\Users\Raju\.m2\repository\org\hamcrest\hamcrest-core\1.3\hamcrest-core-1.3.jar;"/>
    <property name="java.vm.vendor" value="Oracle Corporation"/>
    <property name="sun.arch.data.model" value="32"/>
    <property name="user.variant" value=""/>
    <property name="java.vendor.url" value="http://java.oracle.com/"/>
    <property name="user.timezone" value="Asia/Calcutta"/>
    <property name="java.vm.specification.version" value="1.8"/>
    <property name="os.name" value="Windows 8.1"/>
    <property name="user.country" value="IN"/>
    <property name="sun.java.launcher" value="SUN_STANDARD"/>
    <property name="sun.boot.library.path" value="C:\Program Files\Java\jdk1.8.0_161\jre\bin"/>
    <property name="sun.java.command" value="C:\cygwin\tmp\surefire83858271970890376\surefirebooter3811333651611948450.jar C:\cygwin\tmp\surefire83858271970890376 2020-05-11T22-47-28_282-jvmRun1 surefire816598662691119320tmp surefire_05264035022409022749tmp"/>
    <property name="surefire.test.class.path" value="C:\cygwin\tmp\maven_project\my-app\target\test-classes;C:\cygwin\tmp\maven_project\my-app\target\classes;C:\Users\Raju\.m2\repository\junit\junit\4.11\junit-4.11.jar;C:\Users\Raju\.m2\repository\org\hamcrest\hamcrest-core\1.3\hamcrest-core-1.3.jar;"/>
    <property name="sun.cpu.endian" value="little"/>
    <property name="user.home" value="C:\Users\Raju"/>
    <property name="user.language" value="en"/>
    <property name="java.specification.vendor" value="Oracle Corporation"/>
    <property name="java.home" value="C:\Program Files\Java\jdk1.8.0_161\jre"/>
    <property name="basedir" value="C:\cygwin\tmp\maven_project\my-app"/>
    <property name="file.separator" value="\"/>
    <property name="line.separator" value="&#10;"/>
    <property name="java.vm.specification.vendor" value="Oracle Corporation"/>
    <property name="java.specification.name" value="Java Platform API Specification"/>
    <property name="java.awt.graphicsenv" value="sun.awt.Win32GraphicsEnvironment"/>
    <property name="surefire.real.class.path" value="C:\cygwin\tmp\surefire83858271970890376\surefirebooter3811333651611948450.jar"/>
    <property name="sun.boot.class.path" value="C:\Program Files\Java\jdk1.8.0_161\jre\lib\resources.jar;C:\Program Files\Java\jdk1.8.0_161\jre\lib\rt.jar;C:\Program Files\Java\jdk1.8.0_161\jre\lib\sunrsasign.jar;C:\Program Files\Java\jdk1.8.0_161\jre\lib\jsse.jar;C:\Program Files\Java\jdk1.8.0_161\jre\lib\jce.jar;C:\Program Files\Java\jdk1.8.0_161\jre\lib\charsets.jar;C:\Program Files\Java\jdk1.8.0_161\jre\lib\jfr.jar;C:\Program Files\Java\jdk1.8.0_161\jre\classes"/>
    <property name="user.script" value=""/>
    <property name="sun.management.compiler" value="HotSpot Client Compiler"/>
    <property name="java.runtime.version" value="1.8.0_161-b12"/>
    <property name="user.name" value="Raju"/>
    <property name="path.separator" value=";"/>
    <property name="os.version" value="6.3"/>
    <property name="java.endorsed.dirs" value="C:\Program Files\Java\jdk1.8.0_161\jre\lib\endorsed"/>
    <property name="java.runtime.name" value="Java(TM) SE Runtime Environment"/>
    <property name="file.encoding" value="Cp1252"/>
    <property name="java.vm.name" value="Java HotSpot(TM) Client VM"/>
    <property name="localRepository" value="C:\Users\Raju\.m2\repository"/>
    <property name="java.vendor.url.bug" value="http://bugreport.sun.com/bugreport/"/>
    <property name="java.io.tmpdir" value="C:\cygwin\tmp\"/>
    <property name="java.version" value="1.8.0_161"/>
    <property name="user.dir" value="C:\cygwin\tmp\maven_project\my-app"/>
    <property name="os.arch" value="x86"/>
    <property name="java.vm.specification.name" value="Java Virtual Machine Specification"/>
    <property name="java.awt.printerjob" value="sun.awt.windows.WPrinterJob"/>
    <property name="sun.os.patch.level" value=""/>
    <property name="java.library.path" value="C:\Program Files\Java\jdk1.8.0_161\jre\bin;C:\Windows\Sun\Java\bin;C:\Windows\system32;C:\Windows;C:\cygwin\usr\local\bin;C:\cygwin\bin;C:\Program Files\Python38-32\Scripts;C:\Program Files\Python38-32;C:\Program Files\Common Files\Oracle\Java\javapath;C:\Python36-32\Scripts;C:\Python36-32;C:\ProgramData\Oracle\Java\javapath;C:\Windows\system32;C:\Windows;C:\Windows\System32\Wbem;C:\Windows\System32\WindowsPowerShell\v1.0;C:\Program Files\Microsoft SQL Server\110\DTS\Binn;C:\Program Files\Microsoft SQL Server\110\Tools\Binn;C:\Program Files\Microsoft SQL Server\110\Tools\Binn\ManagementStudio;C:\Program Files\Microsoft Visual Studio 10.0\Common7\IDE\PrivateAssemblies;C:\FingerprintSensors\Startek-FM220-ACPL;C:\FingerprintSensors\MANTRA-MFS100-MANTRA;C:\FingerprintSensors\Nitgen-HFDU08-BioEnable;C:\FingerprintSensors\MORPHO-MSO13XX-MORPHO;C:\FingerprintSensors\Pre-CSD200;C:\FingerprintSensors\Secugen;C:\FingerprintSensors\IMK2120U; C;C:\cygwin\FingerprintSensors\ANAXEE-FS88-WW;C:\FingerprintSensors\Biomatiques;C:\FingerprintSensors\Precision;C:\FingerprintSensors\INTEGRA-FS88-INN;C:\Windows\system32\WindowsPowerShell\v1.0\Modules\TShell\TShell;C:\Program Files\MySQL\MySQL Utilities 1.6;C:\Program Files\Git\cmd;C:\ProgramData\chocolatey\bin;C:\Program Files\nodejs;C:\Program Files\Microsoft VS Code Insiders\bin;C:\Program Files\PuTTY;C:\Program Files\Microsoft VS Code Insiders\bin;C:\Program Files\Python38-32;C:\Users\Raju\AppData\Roaming\npm;C:\Program Files\apache-maven-3.6.3\bin;C:\Program Files\Java\jdk1.8.0_161\bin;C:\Program Files\apache-maven-3.6.3\bin;C:\cygwin\lib\lapack;."/>
    <property name="java.vm.info" value="mixed mode"/>
    <property name="java.vendor" value="Oracle Corporation"/>
    <property name="java.vm.version" value="25.161-b12"/>
    <property name="java.ext.dirs" value="C:\Program Files\Java\jdk1.8.0_161\jre\lib\ext;C:\Windows\Sun\Java\lib\ext"/>
    <property name="sun.io.unicode.encoding" value="UnicodeLittle"/>
    <property name="java.class.version" value="52.0"/>
  </properties>
  <testcase name="shouldAnswerWithTrue" classname="com.mycompany.app.AppTest" time="0.008"/>
</testsuite>